::1 - - [29/Apr/2022:08:43:19 +0000] "DELETE /user/deleteexpense/3 HTTP/1.1" 204 - "-" "Mozilla/5.0 (X11; Linux x86_64) AppleWebKit/537.36 (KHTML, like Gecko) Chrome/101.0.4951.41 Safari/537.36::1 - - [29/Apr/2022:10:00:29 +0000] "GET /user/getexpenses HTTP/1.1" 200 1158 "-" "Mozilla/5.0 (X11; Linux x86_64) AppleWebKit/537.36 (KHTML, like Gecko) Chrome/101.0.4951.41 Safari/537.36"
::1 - - [29/Apr/2022:12:49:44 +0000] "POST /user/signup HTTP/1.1" 403 1524 "-" "Mozilla/5.0 (X11; Linux x86_64) AppleWebKit/537.36 (KHTML, like Gecko) Chrome/101.0.4951.41 Safari/537.36"
::1 - - [29/Apr/2022:12:50:01 +0000] "POST /user/signup HTTP/1.1" 403 1524 "-" "Mozilla/5.0 (Linux; Android 6.0; Nexus 5 Build/MRA58N) AppleWebKit/537.36 (KHTML, like Gecko) Chrome/101.0.4951.41 Mobile Safari/537.36"
::1 - - [29/Apr/2022:12:50:33 +0000] "POST /user/signup HTTP/1.1" 201 43 "-" "Mozilla/5.0 (X11; Linux x86_64) AppleWebKit/537.36 (KHTML, like Gecko) Chrome/101.0.4951.41 Safari/537.36"
::1 - - [29/Apr/2022:12:50:49 +0000] "POST /user/login HTTP/1.1" 200 130 "-" "Mozilla/5.0 (X11; Linux x86_64) AppleWebKit/537.36 (KHTML, like Gecko) Chrome/101.0.4951.41 Safari/537.36"
::1 - - [29/Apr/2022:12:50:49 +0000] "GET /user/getexpenses HTTP/1.1" 200 143 "-" "Mozilla/5.0 (X11; Linux x86_64) AppleWebKit/537.36 (KHTML, like Gecko) Chrome/101.0.4951.41 Safari/537.36"
::1 - - [29/Apr/2022:12:51:10 +0000] "POST /user/addexpense HTTP/1.1" 201 192 "-" "Mozilla/5.0 (X11; Linux x86_64) AppleWebKit/537.36 (KHTML, like Gecko) Chrome/101.0.4951.41 Safari/537.36"
::1 - - [29/Apr/2022:12:51:13 +0000] "GET /user/getexpenses HTTP/1.1" 200 306 "-" "Mozilla/5.0 (X11; Linux x86_64) AppleWebKit/537.36 (KHTML, like Gecko) Chrome/101.0.4951.41 Safari/537.36"
::1 - - [29/Apr/2022:12:51:23 +0000] "GET /purchase/premiummembership HTTP/1.1" 201 219 "-" "Mozilla/5.0 (X11; Linux x86_64) AppleWebKit/537.36 (KHTML, like Gecko) Chrome/101.0.4951.41 Safari/537.36"
::1 - - [29/Apr/2022:12:51:52 +0000] "POST /purchase/updatetransactionstatus HTTP/1.1" 202 51 "-" "Mozilla/5.0 (X11; Linux x86_64) AppleWebKit/537.36 (KHTML, like Gecko) Chrome/101.0.4951.41 Safari/537.36"
::1 - - [29/Apr/2022:17:10:30 +0000] "GET /user/login HTTP/1.1" 404 239 "-" "Mozilla/5.0 (Linux; Android 6.0; Nexus 5 Build/MRA58N) AppleWebKit/537.36 (KHTML, like Gecko) Chrome/101.0.4951.41 Mobile Safari/537.36"
::1 - - [29/Apr/2022:17:10:57 +0000] "GET / HTTP/1.1" 404 239 "-" "Mozilla/5.0 (Linux; Android 6.0; Nexus 5 Build/MRA58N) AppleWebKit/537.36 (KHTML, like Gecko) Chrome/101.0.4951.41 Mobile Safari/537.36"
::1 - - [29/Apr/2022:17:11:10 +0000] "GET / HTTP/1.1" 404 239 "-" "Mozilla/5.0 (Linux; Android 6.0; Nexus 5 Build/MRA58N) AppleWebKit/537.36 (KHTML, like Gecko) Chrome/101.0.4951.41 Mobile Safari/537.36"
::1 - - [29/Apr/2022:17:12:20 +0000] "GET / HTTP/1.1" 404 239 "-" "Mozilla/5.0 (Linux; Android 6.0; Nexus 5 Build/MRA58N) AppleWebKit/537.36 (KHTML, like Gecko) Chrome/101.0.4951.41 Mobile Safari/537.36"
::1 - - [29/Apr/2022:17:14:03 +0000] "GET / HTTP/1.1" 404 239 "-" "Mozilla/5.0 (Linux; Android 6.0; Nexus 5 Build/MRA58N) AppleWebKit/537.36 (KHTML, like Gecko) Chrome/101.0.4951.41 Mobile Safari/537.36"
::1 - - [29/Apr/2022:17:15:48 +0000] "GET / HTTP/1.1" 200 2748 "-" "Mozilla/5.0 (Linux; Android 6.0; Nexus 5 Build/MRA58N) AppleWebKit/537.36 (KHTML, like Gecko) Chrome/101.0.4951.41 Mobile Safari/537.36"
::1 - - [29/Apr/2022:17:15:48 +0000] "GET /login.js HTTP/1.1" 200 2748 "-" "Mozilla/5.0 (Linux; Android 6.0; Nexus 5 Build/MRA58N) AppleWebKit/537.36 (KHTML, like Gecko) Chrome/101.0.4951.41 Mobile Safari/537.36"
::1 - - [29/Apr/2022:17:15:49 +0000] "GET /favicon.ico HTTP/1.1" 200 2748 "-" "Mozilla/5.0 (Linux; Android 6.0; Nexus 5 Build/MRA58N) AppleWebKit/537.36 (KHTML, like Gecko) Chrome/101.0.4951.41 Mobile Safari/537.36"
::1 - - [29/Apr/2022:17:17:21 +0000] "GET / HTTP/1.1" 404 239 "-" "Mozilla/5.0 (Linux; Android 6.0; Nexus 5 Build/MRA58N) AppleWebKit/537.36 (KHTML, like Gecko) Chrome/101.0.4951.41 Mobile Safari/537.36"
::1 - - [29/Apr/2022:17:18:49 +0000] "GET / HTTP/1.1" 404 239 "-" "Mozilla/5.0 (Linux; Android 6.0; Nexus 5 Build/MRA58N) AppleWebKit/537.36 (KHTML, like Gecko) Chrome/101.0.4951.41 Mobile Safari/537.36"
::1 - - [29/Apr/2022:17:19:42 +0000] "GET / HTTP/1.1" 404 239 "-" "Mozilla/5.0 (Linux; Android 6.0; Nexus 5 Build/MRA58N) AppleWebKit/537.36 (KHTML, like Gecko) Chrome/101.0.4951.41 Mobile Safari/537.36"
::1 - - [29/Apr/2022:17:20:17 +0000] "GET /ef HTTP/1.1" 404 231 "-" "Mozilla/5.0 (Linux; Android 6.0; Nexus 5 Build/MRA58N) AppleWebKit/537.36 (KHTML, like Gecko) Chrome/101.0.4951.41 Mobile Safari/537.36"
::1 - - [29/Apr/2022:17:20:53 +0000] "GET /Login/login.html HTTP/1.1" 200 2748 "-" "Mozilla/5.0 (Linux; Android 6.0; Nexus 5 Build/MRA58N) AppleWebKit/537.36 (KHTML, like Gecko) Chrome/101.0.4951.41 Mobile Safari/537.36"
::1 - - [29/Apr/2022:17:20:53 +0000] "GET /Login/login.js HTTP/1.1" 200 799 "-" "Mozilla/5.0 (Linux; Android 6.0; Nexus 5 Build/MRA58N) AppleWebKit/537.36 (KHTML, like Gecko) Chrome/101.0.4951.41 Mobile Safari/537.36"
::1 - - [29/Apr/2022:17:20:54 +0000] "GET /favicon.ico HTTP/1.1" 404 240 "-" "Mozilla/5.0 (Linux; Android 6.0; Nexus 5 Build/MRA58N) AppleWebKit/537.36 (KHTML, like Gecko) Chrome/101.0.4951.41 Mobile Safari/537.36"
::1 - - [29/Apr/2022:17:22:33 +0000] "GET /Login/login.html HTTP/1.1" 304 - "-" "Mozilla/5.0 (Linux; Android 6.0; Nexus 5 Build/MRA58N) AppleWebKit/537.36 (KHTML, like Gecko) Chrome/101.0.4951.41 Mobile Safari/537.36"
::1 - - [29/Apr/2022:17:22:33 +0000] "GET /Login/login.js HTTP/1.1" 304 - "-" "Mozilla/5.0 (Linux; Android 6.0; Nexus 5 Build/MRA58N) AppleWebKit/537.36 (KHTML, like Gecko) Chrome/101.0.4951.41 Mobile Safari/537.36"
::1 - - [29/Apr/2022:17:24:15 +0000] "GET /Login/login.html HTTP/1.1" 304 - "-" "Mozilla/5.0 (Linux; Android 6.0; Nexus 5 Build/MRA58N) AppleWebKit/537.36 (KHTML, like Gecko) Chrome/101.0.4951.41 Mobile Safari/537.36"
::1 - - [29/Apr/2022:17:24:15 +0000] "GET /Login/login.js HTTP/1.1" 304 - "-" "Mozilla/5.0 (Linux; Android 6.0; Nexus 5 Build/MRA58N) AppleWebKit/537.36 (KHTML, like Gecko) Chrome/101.0.4951.41 Mobile Safari/537.36"
::1 - - [29/Apr/2022:17:26:06 +0000] "GET /Login/login.html HTTP/1.1" 304 - "-" "Mozilla/5.0 (Linux; Android 6.0; Nexus 5 Build/MRA58N) AppleWebKit/537.36 (KHTML, like Gecko) Chrome/101.0.4951.41 Mobile Safari/537.36"
::1 - - [29/Apr/2022:17:26:06 +0000] "GET /Login/login.js HTTP/1.1" 304 - "-" "Mozilla/5.0 (Linux; Android 6.0; Nexus 5 Build/MRA58N) AppleWebKit/537.36 (KHTML, like Gecko) Chrome/101.0.4951.41 Mobile Safari/537.36"
::1 - - [29/Apr/2022:17:28:20 +0000] "GET /Login/login.html HTTP/1.1" 304 - "-" "Mozilla/5.0 (Linux; Android 6.0; Nexus 5 Build/MRA58N) AppleWebKit/537.36 (KHTML, like Gecko) Chrome/101.0.4951.41 Mobile Safari/537.36"
::1 - - [29/Apr/2022:17:28:20 +0000] "GET /Login/login.js HTTP/1.1" 304 - "-" "Mozilla/5.0 (Linux; Android 6.0; Nexus 5 Build/MRA58N) AppleWebKit/537.36 (KHTML, like Gecko) Chrome/101.0.4951.41 Mobile Safari/537.36"
